<?xml version="1.0" encoding="UTF-8"?>
<testng-results skipped="0" failed="0" ignored="0" total="1" passed="1">
  <reporter-output>
  </reporter-output>
  <suite name="Test Suite" duration-ms="6827" started-at="2021-06-01T12:10:35 IST" finished-at="2021-06-01T12:10:42 IST">
    <groups>
      <group name="cucumber">
        <method signature="AbstractTestNGCucumberTests.runScenario(io.cucumber.testng.PickleWrapper, io.cucumber.testng.FeatureWrapper)[pri:0, instance:Runner.TestRunner@528931cf]" name="runScenario" class="io.cucumber.testng.AbstractTestNGCucumberTests"/>
      </group> <!-- cucumber -->
    </groups>
    <test name="Regression Tests" duration-ms="6827" started-at="2021-06-01T12:10:35 IST" finished-at="2021-06-01T12:10:42 IST">
      <class name="Runner.TestRunner">
        <test-method status="PASS" signature="setUpClass()[pri:0, instance:Runner.TestRunner@528931cf]" name="setUpClass" is-config="true" duration-ms="524" started-at="2021-06-01T12:10:35 IST" finished-at="2021-06-01T12:10:35 IST">
          <reporter-output>
          </reporter-output>
        </test-method> <!-- setUpClass -->
        <test-method status="PASS" signature="runScenario(io.cucumber.testng.PickleWrapper, io.cucumber.testng.FeatureWrapper)[pri:0, instance:Runner.TestRunner@528931cf]" name="runScenario" duration-ms="6164" started-at="2021-06-01T12:10:36 IST" description="Runs Cucumber Scenarios" data-provider="scenarios" finished-at="2021-06-01T12:10:42 IST">
          <params>
            <param index="0">
              <value>
                <![CDATA["The Authorized user can Add and Remove a book."]]>
              </value>
            </param>
            <param index="1">
              <value>
                <![CDATA["Optional[E2E Tests for bookstore API]"]]>
              </value>
            </param>
          </params>
          <reporter-output>
          </reporter-output>
        </test-method> <!-- runScenario -->
        <test-method status="PASS" signature="tearDownClass()[pri:0, instance:Runner.TestRunner@528931cf]" name="tearDownClass" is-config="true" duration-ms="96" started-at="2021-06-01T12:10:42 IST" finished-at="2021-06-01T12:10:42 IST">
          <reporter-output>
          </reporter-output>
        </test-method> <!-- tearDownClass -->
      </class> <!-- Runner.TestRunner -->
    </test> <!-- Regression Tests -->
  </suite> <!-- Test Suite -->
</testng-results>
